# JRE version: OpenJDK Runtime Environment (8.0_152-b01) (build 1.8.0_152-release-915-b01)
# Java VM: OpenJDK 64-Bit Server VM (25.152-b01 mixed mode linux-amd64 compressed oops)
Heap:
 PSYoungGen      total 349696K, used 9280K [0x00000000e0000000, 0x0000000100000000, 0x0000000100000000)
  eden space 175104K, 0% used [0x00000000e0000000,0x00000000e0000000,0x00000000eab00000)
  from space 174592K, 5% used [0x00000000f5580000,0x00000000f5e90148,0x0000000100000000)
  to   space 174592K, 0% used [0x00000000eab00000,0x00000000eab00000,0x00000000f5580000)
 ParOldGen       total 242688K, used 219022K [0x00000000a0000000, 0x00000000aed00000, 0x00000000e0000000)
  object space 242688K, 90% used [0x00000000a0000000,0x00000000ad5e39b8,0x00000000aed00000)
 Metaspace       used 84167K, capacity 89616K, committed 89688K, reserved 1128448K
  class space    used 10466K, capacity 11616K, committed 11648K, reserved 1048576K
GC Heap History (10 events):
Event: 3371.360 GC heap after
Heap after GC invocations=32 (full 4):
 PSYoungGen      total 304128K, used 121511K [0x00000000e0000000, 0x0000000100000000, 0x0000000100000000)
  eden space 175104K, 0% used [0x00000000e0000000,0x00000000e0000000,0x00000000eab00000)
  from space 129024K, 94% used [0x00000000f8200000,0x00000000ff8a9f50,0x0000000100000000)
  to   space 174592K, 0% used [0x00000000eab00000,0x00000000eab00000,0x00000000f5580000)
 ParOldGen       total 242688K, used 106499K [0x00000000a0000000, 0x00000000aed00000, 0x00000000e0000000)
  object space 242688K, 43% used [0x00000000a0000000,0x00000000a6800c20,0x00000000aed00000)
 Metaspace       used 82477K, capacity 87562K, committed 87640K, reserved 1126400K
  class space    used 10279K, capacity 11335K, committed 11392K, reserved 1048576K
}
Event: 3371.775 GC heap before
{Heap before GC invocations=33 (full 4):
 PSYoungGen      total 304128K, used 296615K [0x00000000e0000000, 0x0000000100000000, 0x0000000100000000)
  eden space 175104K, 100% used [0x00000000e0000000,0x00000000eab00000,0x00000000eab00000)
  from space 129024K, 94% used [0x00000000f8200000,0x00000000ff8a9f50,0x0000000100000000)
  to   space 174592K, 0% used [0x00000000eab00000,0x00000000eab00000,0x00000000f5580000)
 ParOldGen       total 242688K, used 106499K [0x00000000a0000000, 0x00000000aed00000, 0x00000000e0000000)
  object space 242688K, 43% used [0x00000000a0000000,0x00000000a6800c20,0x00000000aed00000)
 Metaspace       used 82844K, capacity 87958K, committed 88280K, reserved 1126400K
  class space    used 10320K, capacity 11407K, committed 11520K, reserved 1048576K
Event: 3371.870 GC heap after
Heap after GC invocations=33 (full 4):
 PSYoungGen      total 349696K, used 157605K [0x00000000e0000000, 0x0000000100000000, 0x0000000100000000)
  eden space 175104K, 0% used [0x00000000e0000000,0x00000000e0000000,0x00000000eab00000)
  from space 174592K, 90% used [0x00000000eab00000,0x00000000f44e97a0,0x00000000f5580000)
  to   space 174592K, 0% used [0x00000000f5580000,0x00000000f5580000,0x0000000100000000)
 ParOldGen       total 242688K, used 106946K [0x00000000a0000000, 0x00000000aed00000, 0x00000000e0000000)
  object space 242688K, 44% used [0x00000000a0000000,0x00000000a6870840,0x00000000aed00000)
 Metaspace       used 82844K, capacity 87958K, committed 88280K, reserved 1126400K
  class space    used 10320K, capacity 11407K, committed 11520K, reserved 1048576K
}
Event: 3425.964 GC heap before
{Heap before GC invocations=34 (full 4):
 PSYoungGen      total 349696K, used 332709K [0x00000000e0000000, 0x0000000100000000, 0x0000000100000000)
  eden space 175104K, 100% used [0x00000000e0000000,0x00000000eab00000,0x00000000eab00000)
  from space 174592K, 90% used [0x00000000eab00000,0x00000000f44e97a0,0x00000000f5580000)
  to   space 174592K, 0% used [0x00000000f5580000,0x00000000f5580000,0x0000000100000000)
 ParOldGen       total 242688K, used 106946K [0x00000000a0000000, 0x00000000aed00000, 0x00000000e0000000)
  object space 242688K, 44% used [0x00000000a0000000,0x00000000a6870840,0x00000000aed00000)
 Metaspace       used 83402K, capacity 88696K, committed 88792K, reserved 1126400K
  class space    used 10387K, capacity 11502K, committed 11520K, reserved 1048576K
Event: 3426.048 GC heap after
Heap after GC invocations=34 (full 4):
 PSYoungGen      total 349696K, used 56888K [0x00000000e0000000, 0x0000000100000000, 0x0000000100000000)
  eden space 175104K, 0% used [0x00000000e0000000,0x00000000e0000000,0x00000000eab00000)
  from space 174592K, 32% used [0x00000000f5580000,0x00000000f8d0e2e8,0x0000000100000000)
  to   space 174592K, 0% used [0x00000000eab00000,0x00000000eab00000,0x00000000f5580000)
 ParOldGen       total 242688K, used 169490K [0x00000000a0000000, 0x00000000aed00000, 0x00000000e0000000)
  object space 242688K, 69% used [0x00000000a0000000,0x00000000aa5849f8,0x00000000aed00000)
 Metaspace       used 83402K, capacity 88696K, committed 88792K, reserved 1126400K
  class space    used 10387K, capacity 11502K, committed 11520K, reserved 1048576K
}
Event: 3426.612 GC heap before
{Heap before GC invocations=35 (full 4):
 PSYoungGen      total 349696K, used 231992K [0x00000000e0000000, 0x0000000100000000, 0x0000000100000000)
  eden space 175104K, 100% used [0x00000000e0000000,0x00000000eab00000,0x00000000eab00000)
  from space 174592K, 32% used [0x00000000f5580000,0x00000000f8d0e2e8,0x0000000100000000)
  to   space 174592K, 0% used [0x00000000eab00000,0x00000000eab00000,0x00000000f5580000)
 ParOldGen       total 242688K, used 169490K [0x00000000a0000000, 0x00000000aed00000, 0x00000000e0000000)
  object space 242688K, 69% used [0x00000000a0000000,0x00000000aa5849f8,0x00000000aed00000)
 Metaspace       used 83726K, capacity 89004K, committed 89176K, reserved 1126400K
  class space    used 10425K, capacity 11542K, committed 11648K, reserved 1048576K
Event: 3426.670 GC heap after
Heap after GC invocations=35 (full 4):
 PSYoungGen      total 349696K, used 93386K [0x00000000e0000000, 0x0000000100000000, 0x0000000100000000)
  eden space 175104K, 0% used [0x00000000e0000000,0x00000000e0000000,0x00000000eab00000)
  from space 174592K, 53% used [0x00000000eab00000,0x00000000f0632a78,0x00000000f5580000)
  to   space 174592K, 0% used [0x00000000f5580000,0x00000000f5580000,0x0000000100000000)
 ParOldGen       total 242688K, used 170894K [0x00000000a0000000, 0x00000000aed00000, 0x00000000e0000000)
  object space 242688K, 70% used [0x00000000a0000000,0x00000000aa6e3838,0x00000000aed00000)
 Metaspace       used 83726K, capacity 89004K, committed 89176K, reserved 1126400K
  class space    used 10425K, capacity 11542K, committed 11648K, reserved 1048576K
}
Event: 3438.244 GC heap before
{Heap before GC invocations=36 (full 4):
 PSYoungGen      total 349696K, used 268490K [0x00000000e0000000, 0x0000000100000000, 0x0000000100000000)
  eden space 175104K, 100% used [0x00000000e0000000,0x00000000eab00000,0x00000000eab00000)
  from space 174592K, 53% used [0x00000000eab00000,0x00000000f0632a78,0x00000000f5580000)
  to   space 174592K, 0% used [0x00000000f5580000,0x00000000f5580000,0x0000000100000000)
 ParOldGen       total 242688K, used 170894K [0x00000000a0000000, 0x00000000aed00000, 0x00000000e0000000)
  object space 242688K, 70% used [0x00000000a0000000,0x00000000aa6e3838,0x00000000aed00000)
 Metaspace       used 84167K, capacity 89616K, committed 89688K, reserved 1128448K
  class space    used 10466K, capacity 11616K, committed 11648K, reserved 1048576K
Event: 3438.285 GC heap after
Heap after GC invocations=36 (full 4):
 PSYoungGen      total 349696K, used 9280K [0x00000000e0000000, 0x0000000100000000, 0x0000000100000000)
  eden space 175104K, 0% used [0x00000000e0000000,0x00000000e0000000,0x00000000eab00000)
  from space 174592K, 5% used [0x00000000f5580000,0x00000000f5e90148,0x0000000100000000)
  to   space 174592K, 0% used [0x00000000eab00000,0x00000000eab00000,0x00000000f5580000)
 ParOldGen       total 242688K, used 219022K [0x00000000a0000000, 0x00000000aed00000, 0x00000000e0000000)
  object space 242688K, 90% used [0x00000000a0000000,0x00000000ad5e39b8,0x00000000aed00000)
 Metaspace       used 84167K, capacity 89616K, committed 89688K, reserved 1128448K
  class space    used 10466K, capacity 11616K, committed 11648K, reserved 1048576K
}
Event: 3438.285 GC heap before
{Heap before GC invocations=37 (full 5):
 PSYoungGen      total 349696K, used 9280K [0x00000000e0000000, 0x0000000100000000, 0x0000000100000000)
  eden space 175104K, 0% used [0x00000000e0000000,0x00000000e0000000,0x00000000eab00000)
  from space 174592K, 5% used [0x00000000f5580000,0x00000000f5e90148,0x0000000100000000)
  to   space 174592K, 0% used [0x00000000eab00000,0x00000000eab00000,0x00000000f5580000)
 ParOldGen       total 242688K, used 219022K [0x00000000a0000000, 0x00000000aed00000, 0x00000000e0000000)
  object space 242688K, 90% used [0x00000000a0000000,0x00000000ad5e39b8,0x00000000aed00000)
 Metaspace       used 84167K, capacity 89616K, committed 89688K, reserved 1128448K
  class space    used 10466K, capacity 11616K, committed 11648K, reserved 1048576K

